2025-07-20 13:50:59,842 - INFO - 🚀 Starting tracker server (attempt 1)
2025-07-20 13:50:59,842 - INFO - 🚀 Starting Super Metroid Tracker Server...
2025-07-20 13:50:59,845 - INFO - ✅ Server started successfully:
2025-07-20 13:50:59,845 - INFO -    📱 Tracker UI: http://localhost:3000/
2025-07-20 13:50:59,845 - INFO -    📊 API Status: http://localhost:3000/api/status
2025-07-20 13:50:59,845 - INFO -    📈 API Stats:  http://localhost:3000/api/stats
2025-07-20 13:50:59,845 - INFO -    ⏹️  Press Ctrl+C to stop
2025-07-20 13:53:01,152 - INFO - 🚀 Starting tracker server (attempt 1)
2025-07-20 13:53:01,152 - INFO - 🚀 Starting Super Metroid Tracker Server...
2025-07-20 13:53:01,156 - INFO - ✅ Server started successfully:
2025-07-20 13:53:01,156 - INFO -    📱 Tracker UI: http://localhost:3000/
2025-07-20 13:53:01,156 - INFO -    📊 API Status: http://localhost:3000/api/status
2025-07-20 13:53:01,156 - INFO -    📈 API Stats:  http://localhost:3000/api/stats
2025-07-20 13:53:01,156 - INFO -    ⏹️  Press Ctrl+C to stop
2025-07-20 14:11:14,476 - WARNING - No stats available, using fallback
2025-07-20 14:11:16,482 - WARNING - No stats available, using fallback
2025-07-20 14:11:17,199 - WARNING - No stats available, using fallback
2025-07-20 14:11:17,247 - WARNING - No stats available, using fallback
2025-07-20 14:11:17,474 - WARNING - No stats available, using fallback
2025-07-20 14:11:18,478 - WARNING - No stats available, using fallback
2025-07-20 14:11:20,477 - WARNING - No stats available, using fallback
2025-07-20 14:11:21,475 - WARNING - No stats available, using fallback
2025-07-20 14:11:22,475 - WARNING - No stats available, using fallback
2025-07-20 14:11:23,540 - WARNING - No stats available, using fallback
2025-07-20 14:11:24,473 - WARNING - No stats available, using fallback
2025-07-20 14:11:25,477 - WARNING - No stats available, using fallback
2025-07-20 14:11:27,476 - WARNING - No stats available, using fallback
2025-07-20 14:11:28,476 - WARNING - No stats available, using fallback
2025-07-20 14:11:29,476 - WARNING - No stats available, using fallback
2025-07-20 14:11:31,475 - WARNING - No stats available, using fallback
2025-07-20 14:11:32,474 - WARNING - No stats available, using fallback
2025-07-20 14:11:33,474 - WARNING - No stats available, using fallback
2025-07-20 14:11:35,474 - WARNING - No stats available, using fallback
2025-07-20 14:11:36,474 - WARNING - No stats available, using fallback
2025-07-20 14:11:37,476 - WARNING - No stats available, using fallback
2025-07-20 14:11:39,476 - WARNING - No stats available, using fallback
2025-07-20 14:11:40,478 - WARNING - No stats available, using fallback
2025-07-20 14:11:41,477 - WARNING - No stats available, using fallback
2025-07-20 14:11:43,476 - WARNING - No stats available, using fallback
2025-07-20 14:11:44,474 - WARNING - No stats available, using fallback
2025-07-20 14:11:45,476 - WARNING - No stats available, using fallback
2025-07-20 14:11:47,473 - WARNING - No stats available, using fallback
2025-07-20 14:11:48,478 - WARNING - No stats available, using fallback
2025-07-20 14:11:49,474 - WARNING - No stats available, using fallback
2025-07-20 14:11:51,475 - WARNING - No stats available, using fallback
2025-07-20 14:11:52,476 - WARNING - No stats available, using fallback
2025-07-20 14:11:54,477 - WARNING - No stats available, using fallback
2025-07-20 14:11:55,474 - WARNING - No stats available, using fallback
2025-07-20 14:11:56,477 - WARNING - No stats available, using fallback
2025-07-20 14:11:58,475 - WARNING - No stats available, using fallback
2025-07-20 14:11:59,475 - WARNING - No stats available, using fallback
2025-07-20 14:12:00,478 - WARNING - No stats available, using fallback
2025-07-20 14:12:02,477 - WARNING - No stats available, using fallback
2025-07-20 14:12:03,477 - WARNING - No stats available, using fallback
2025-07-20 14:12:04,478 - WARNING - No stats available, using fallback
2025-07-20 14:12:06,474 - WARNING - No stats available, using fallback
2025-07-20 14:12:07,475 - WARNING - No stats available, using fallback
2025-07-20 14:12:08,476 - WARNING - No stats available, using fallback
2025-07-20 14:12:10,474 - WARNING - No stats available, using fallback
2025-07-20 14:12:11,477 - WARNING - No stats available, using fallback
2025-07-20 14:12:12,474 - WARNING - No stats available, using fallback
2025-07-20 14:12:14,475 - WARNING - No stats available, using fallback
2025-07-20 14:12:15,477 - WARNING - No stats available, using fallback
2025-07-20 14:12:16,477 - WARNING - No stats available, using fallback
2025-07-20 14:12:18,479 - WARNING - No stats available, using fallback
2025-07-20 14:12:19,475 - WARNING - No stats available, using fallback
2025-07-20 14:12:20,478 - WARNING - No stats available, using fallback
2025-07-20 14:12:22,474 - WARNING - No stats available, using fallback
2025-07-20 14:12:23,483 - WARNING - No stats available, using fallback
2025-07-20 14:12:25,475 - WARNING - No stats available, using fallback
2025-07-20 14:12:26,474 - WARNING - No stats available, using fallback
2025-07-20 14:12:27,477 - WARNING - No stats available, using fallback
2025-07-20 14:12:29,476 - WARNING - No stats available, using fallback
2025-07-20 14:12:30,475 - WARNING - No stats available, using fallback
2025-07-20 14:12:31,476 - WARNING - No stats available, using fallback
2025-07-20 14:12:33,475 - WARNING - No stats available, using fallback
2025-07-20 14:12:34,477 - WARNING - No stats available, using fallback
2025-07-20 14:12:35,478 - WARNING - No stats available, using fallback
2025-07-20 14:12:37,474 - WARNING - No stats available, using fallback
2025-07-20 14:12:38,476 - WARNING - No stats available, using fallback
2025-07-20 14:12:39,475 - WARNING - No stats available, using fallback
2025-07-20 14:12:41,476 - WARNING - No stats available, using fallback
2025-07-20 14:12:42,476 - WARNING - No stats available, using fallback
2025-07-20 14:12:43,474 - WARNING - No stats available, using fallback
2025-07-20 14:12:45,475 - WARNING - No stats available, using fallback
2025-07-20 14:12:46,475 - WARNING - No stats available, using fallback
2025-07-20 14:12:47,476 - WARNING - No stats available, using fallback
2025-07-20 14:12:49,474 - WARNING - No stats available, using fallback
2025-07-20 14:12:50,475 - WARNING - No stats available, using fallback
2025-07-20 14:12:51,475 - WARNING - No stats available, using fallback
2025-07-20 14:12:53,474 - WARNING - No stats available, using fallback
2025-07-20 14:12:54,482 - WARNING - No stats available, using fallback
2025-07-20 14:12:56,475 - WARNING - No stats available, using fallback
2025-07-20 14:12:57,478 - WARNING - No stats available, using fallback
2025-07-20 14:12:58,478 - WARNING - No stats available, using fallback
2025-07-20 14:13:00,475 - WARNING - No stats available, using fallback
2025-07-20 14:13:01,476 - WARNING - No stats available, using fallback
2025-07-20 14:13:02,475 - WARNING - No stats available, using fallback
2025-07-20 14:13:04,475 - WARNING - No stats available, using fallback
2025-07-20 14:13:05,475 - WARNING - No stats available, using fallback
2025-07-20 14:13:06,478 - WARNING - No stats available, using fallback
2025-07-20 14:13:08,475 - WARNING - No stats available, using fallback
2025-07-20 14:13:09,476 - WARNING - No stats available, using fallback
2025-07-20 14:13:10,474 - WARNING - No stats available, using fallback
2025-07-20 14:13:12,475 - WARNING - No stats available, using fallback
2025-07-20 14:13:13,475 - WARNING - No stats available, using fallback
2025-07-20 14:13:14,476 - WARNING - No stats available, using fallback
2025-07-20 14:13:16,475 - WARNING - No stats available, using fallback
2025-07-20 14:13:17,475 - WARNING - No stats available, using fallback
2025-07-20 14:13:18,475 - WARNING - No stats available, using fallback
2025-07-20 14:13:20,477 - WARNING - No stats available, using fallback
2025-07-20 14:13:21,475 - WARNING - No stats available, using fallback
2025-07-20 14:13:22,475 - WARNING - No stats available, using fallback
2025-07-20 14:13:24,474 - WARNING - No stats available, using fallback
2025-07-20 14:13:25,482 - WARNING - No stats available, using fallback
2025-07-20 14:13:27,476 - WARNING - No stats available, using fallback
2025-07-20 14:13:28,477 - WARNING - No stats available, using fallback
2025-07-20 14:13:29,476 - WARNING - No stats available, using fallback
2025-07-20 14:13:31,475 - WARNING - No stats available, using fallback
2025-07-20 14:13:32,475 - WARNING - No stats available, using fallback
2025-07-20 14:13:33,476 - WARNING - No stats available, using fallback
2025-07-20 14:13:35,477 - WARNING - No stats available, using fallback
2025-07-20 14:13:36,474 - WARNING - No stats available, using fallback
2025-07-20 14:13:37,475 - WARNING - No stats available, using fallback
2025-07-20 14:13:39,476 - WARNING - No stats available, using fallback
2025-07-20 14:13:40,481 - WARNING - No stats available, using fallback
2025-07-20 14:13:41,480 - WARNING - No stats available, using fallback
2025-07-20 14:13:43,474 - WARNING - No stats available, using fallback
2025-07-20 14:13:44,477 - WARNING - No stats available, using fallback
2025-07-20 14:13:45,476 - WARNING - No stats available, using fallback
2025-07-20 14:13:47,476 - WARNING - No stats available, using fallback
2025-07-20 14:13:48,476 - WARNING - No stats available, using fallback
2025-07-20 14:13:49,476 - WARNING - No stats available, using fallback
2025-07-20 14:13:51,477 - WARNING - No stats available, using fallback
2025-07-20 14:13:52,478 - WARNING - No stats available, using fallback
2025-07-20 14:13:53,479 - WARNING - No stats available, using fallback
2025-07-20 14:13:55,476 - WARNING - No stats available, using fallback
2025-07-20 14:13:56,477 - WARNING - No stats available, using fallback
2025-07-20 14:14:01,759 - INFO - 🚀 Starting tracker server (attempt 1)
2025-07-20 14:14:01,759 - INFO - 🚀 Starting Super Metroid Tracker Server...
2025-07-20 14:14:01,762 - INFO - ✅ Server started successfully:
2025-07-20 14:14:01,762 - INFO -    📱 Tracker UI: http://localhost:3000/
2025-07-20 14:14:01,762 - INFO -    📊 API Status: http://localhost:3000/api/status
2025-07-20 14:14:01,762 - INFO -    📈 API Stats:  http://localhost:3000/api/stats
2025-07-20 14:14:01,762 - INFO -    ⏹️  Press Ctrl+C to stop
2025-07-20 14:14:39,798 - WARNING - No stats available, using fallback
2025-07-20 14:14:40,161 - WARNING - No stats available, using fallback
2025-07-20 14:14:40,164 - WARNING - No stats available, using fallback
2025-07-20 14:14:40,793 - WARNING - No stats available, using fallback
2025-07-20 14:14:41,793 - WARNING - No stats available, using fallback
2025-07-20 14:14:43,901 - WARNING - No stats available, using fallback
2025-07-20 14:14:43,939 - WARNING - No stats available, using fallback
2025-07-20 14:14:44,793 - WARNING - No stats available, using fallback
2025-07-20 14:14:45,995 - WARNING - No stats available, using fallback
2025-07-20 14:14:47,065 - WARNING - No stats available, using fallback
2025-07-20 14:14:47,990 - WARNING - No stats available, using fallback
2025-07-20 14:14:49,031 - WARNING - No stats available, using fallback
2025-07-20 14:14:49,997 - WARNING - No stats available, using fallback
2025-07-20 14:15:19,894 - WARNING - No stats available, using fallback
2025-07-20 14:15:20,557 - WARNING - No stats available, using fallback
2025-07-20 14:15:21,571 - WARNING - No stats available, using fallback
2025-07-20 14:15:22,567 - WARNING - No stats available, using fallback
2025-07-20 14:15:23,582 - WARNING - No stats available, using fallback
2025-07-20 14:15:24,559 - WARNING - No stats available, using fallback
2025-07-20 14:15:25,563 - WARNING - No stats available, using fallback
2025-07-20 14:15:26,564 - WARNING - No stats available, using fallback
2025-07-20 14:15:27,565 - WARNING - No stats available, using fallback
2025-07-20 14:15:28,563 - WARNING - No stats available, using fallback
2025-07-20 14:15:29,563 - WARNING - No stats available, using fallback
2025-07-20 14:15:30,562 - WARNING - No stats available, using fallback
2025-07-20 14:15:31,567 - WARNING - No stats available, using fallback
2025-07-20 14:15:32,565 - WARNING - No stats available, using fallback
2025-07-20 14:15:33,563 - WARNING - No stats available, using fallback
2025-07-20 14:15:34,562 - WARNING - No stats available, using fallback
2025-07-20 14:15:35,565 - WARNING - No stats available, using fallback
2025-07-20 14:15:36,561 - WARNING - No stats available, using fallback
2025-07-20 14:15:37,562 - WARNING - No stats available, using fallback
2025-07-20 14:15:38,562 - WARNING - No stats available, using fallback
2025-07-20 14:15:39,566 - WARNING - No stats available, using fallback
2025-07-20 14:15:40,566 - WARNING - No stats available, using fallback
2025-07-20 14:15:41,563 - WARNING - No stats available, using fallback
2025-07-20 14:15:42,561 - WARNING - No stats available, using fallback
2025-07-20 14:15:43,566 - WARNING - No stats available, using fallback
2025-07-20 14:15:44,569 - WARNING - No stats available, using fallback
2025-07-20 14:15:45,559 - WARNING - No stats available, using fallback
2025-07-20 14:15:46,564 - WARNING - No stats available, using fallback
2025-07-20 14:15:47,567 - WARNING - No stats available, using fallback
2025-07-20 14:15:48,563 - WARNING - No stats available, using fallback
2025-07-20 14:15:49,566 - WARNING - No stats available, using fallback
2025-07-20 14:15:50,577 - WARNING - No stats available, using fallback
2025-07-20 14:15:51,566 - WARNING - No stats available, using fallback
2025-07-20 14:15:52,566 - WARNING - No stats available, using fallback
2025-07-20 14:15:53,562 - WARNING - No stats available, using fallback
2025-07-20 14:15:54,566 - WARNING - No stats available, using fallback
2025-07-20 14:15:55,566 - WARNING - No stats available, using fallback
2025-07-20 14:15:56,565 - WARNING - No stats available, using fallback
2025-07-20 14:15:57,563 - WARNING - No stats available, using fallback
2025-07-20 14:15:58,570 - WARNING - No stats available, using fallback
2025-07-20 14:15:59,567 - WARNING - No stats available, using fallback
2025-07-20 14:16:00,563 - WARNING - No stats available, using fallback
2025-07-20 14:16:01,565 - WARNING - No stats available, using fallback
2025-07-20 14:16:02,564 - WARNING - No stats available, using fallback
2025-07-20 14:16:03,563 - WARNING - No stats available, using fallback
2025-07-20 14:16:04,562 - WARNING - No stats available, using fallback
2025-07-20 14:16:05,566 - WARNING - No stats available, using fallback
2025-07-20 14:16:06,561 - WARNING - No stats available, using fallback
2025-07-20 14:16:07,567 - WARNING - No stats available, using fallback
2025-07-20 14:29:06,147 - WARNING - No stats available, using fallback
2025-07-20 14:29:07,013 - WARNING - No stats available, using fallback
2025-07-20 14:29:08,013 - WARNING - No stats available, using fallback
2025-07-20 14:29:09,020 - WARNING - No stats available, using fallback
2025-07-20 14:29:10,016 - WARNING - No stats available, using fallback
2025-07-20 14:29:11,017 - WARNING - No stats available, using fallback
2025-07-20 14:34:14,503 - WARNING - No stats available, using fallback
2025-07-20 14:35:14,496 - WARNING - No stats available, using fallback
2025-07-20 14:36:14,497 - WARNING - No stats available, using fallback
2025-07-20 14:37:14,498 - WARNING - No stats available, using fallback
2025-07-20 14:38:14,506 - WARNING - No stats available, using fallback
2025-07-20 14:39:14,502 - WARNING - No stats available, using fallback
2025-07-20 14:40:14,510 - WARNING - No stats available, using fallback
2025-07-20 14:41:14,512 - WARNING - No stats available, using fallback
2025-07-20 14:42:14,506 - WARNING - No stats available, using fallback
2025-07-20 14:43:14,507 - WARNING - No stats available, using fallback
2025-07-20 14:44:14,510 - WARNING - No stats available, using fallback
2025-07-20 14:45:14,509 - WARNING - No stats available, using fallback
2025-07-20 14:46:14,505 - WARNING - No stats available, using fallback
2025-07-20 14:47:14,504 - WARNING - No stats available, using fallback
2025-07-20 14:48:14,507 - WARNING - No stats available, using fallback
2025-07-20 14:49:14,511 - WARNING - No stats available, using fallback
2025-07-20 14:50:14,514 - WARNING - No stats available, using fallback
2025-07-20 14:51:14,517 - WARNING - No stats available, using fallback
2025-07-20 14:52:14,519 - WARNING - No stats available, using fallback
2025-07-20 14:53:14,506 - WARNING - No stats available, using fallback
2025-07-20 14:54:14,506 - WARNING - No stats available, using fallback
2025-07-20 14:55:14,509 - WARNING - No stats available, using fallback
2025-07-20 14:56:14,520 - WARNING - No stats available, using fallback
2025-07-20 14:57:14,514 - WARNING - No stats available, using fallback
2025-07-20 14:58:14,517 - WARNING - No stats available, using fallback
2025-07-20 14:59:14,519 - WARNING - No stats available, using fallback
2025-07-20 15:00:14,521 - WARNING - No stats available, using fallback
2025-07-20 15:01:14,506 - WARNING - No stats available, using fallback
2025-07-20 15:02:14,508 - WARNING - No stats available, using fallback
2025-07-20 15:03:14,499 - WARNING - No stats available, using fallback
2025-07-20 15:04:14,501 - WARNING - No stats available, using fallback
2025-07-20 15:05:14,502 - WARNING - No stats available, using fallback
2025-07-20 15:06:14,504 - WARNING - No stats available, using fallback
2025-07-20 15:07:14,505 - WARNING - No stats available, using fallback
2025-07-20 15:08:14,502 - WARNING - No stats available, using fallback
2025-07-20 15:09:14,503 - WARNING - No stats available, using fallback
2025-07-20 15:10:14,507 - WARNING - No stats available, using fallback
2025-07-20 15:11:14,508 - WARNING - No stats available, using fallback
2025-07-20 15:12:14,509 - WARNING - No stats available, using fallback
2025-07-20 15:13:14,509 - WARNING - No stats available, using fallback
2025-07-20 15:14:14,517 - WARNING - No stats available, using fallback
2025-07-20 15:15:14,518 - WARNING - No stats available, using fallback
2025-07-20 15:32:21,495 - WARNING - No stats available, using fallback
2025-07-20 15:34:58,484 - WARNING - No stats available, using fallback
2025-07-20 15:35:58,472 - WARNING - No stats available, using fallback
2025-07-20 15:36:58,473 - WARNING - No stats available, using fallback
2025-07-20 15:37:58,491 - WARNING - No stats available, using fallback
2025-07-20 15:38:58,476 - WARNING - No stats available, using fallback
2025-07-20 15:39:58,486 - WARNING - No stats available, using fallback
2025-07-20 15:40:58,486 - WARNING - No stats available, using fallback
2025-07-20 15:42:42,263 - WARNING - No stats available, using fallback
2025-07-20 15:45:24,064 - WARNING - No stats available, using fallback
2025-07-20 15:46:24,056 - WARNING - No stats available, using fallback
2025-07-20 15:47:24,059 - WARNING - No stats available, using fallback
2025-07-20 15:48:24,059 - WARNING - No stats available, using fallback
2025-07-20 15:49:24,062 - WARNING - No stats available, using fallback
2025-07-20 15:50:24,063 - WARNING - No stats available, using fallback
2025-07-20 15:51:24,053 - WARNING - No stats available, using fallback
2025-07-20 15:52:24,057 - WARNING - No stats available, using fallback
2025-07-20 15:53:24,053 - WARNING - No stats available, using fallback
2025-07-20 15:54:24,057 - WARNING - No stats available, using fallback
2025-07-20 15:55:24,009 - WARNING - No stats available, using fallback
2025-07-20 15:56:24,014 - WARNING - No stats available, using fallback
2025-07-20 15:57:24,016 - WARNING - No stats available, using fallback
2025-07-20 15:58:24,008 - WARNING - No stats available, using fallback
2025-07-20 15:59:24,003 - WARNING - No stats available, using fallback
2025-07-20 16:00:24,004 - WARNING - No stats available, using fallback
2025-07-20 16:01:24,006 - WARNING - No stats available, using fallback
2025-07-20 16:02:24,010 - WARNING - No stats available, using fallback
2025-07-20 16:03:24,015 - WARNING - No stats available, using fallback
2025-07-20 16:04:24,013 - WARNING - No stats available, using fallback
2025-07-20 16:05:24,000 - WARNING - No stats available, using fallback
2025-07-20 16:06:24,002 - WARNING - No stats available, using fallback
2025-07-20 16:07:24,001 - WARNING - No stats available, using fallback
2025-07-20 16:08:24,005 - WARNING - No stats available, using fallback
2025-07-20 16:09:24,009 - WARNING - No stats available, using fallback
2025-07-20 16:10:24,009 - WARNING - No stats available, using fallback
2025-07-20 16:11:23,995 - WARNING - No stats available, using fallback
2025-07-20 16:12:24,011 - WARNING - No stats available, using fallback
2025-07-20 16:13:23,996 - WARNING - No stats available, using fallback
2025-07-20 16:14:23,996 - WARNING - No stats available, using fallback
2025-07-20 16:15:23,997 - WARNING - No stats available, using fallback
2025-07-20 16:16:23,998 - WARNING - No stats available, using fallback
2025-07-20 16:17:23,998 - WARNING - No stats available, using fallback
2025-07-20 16:18:23,992 - WARNING - No stats available, using fallback
2025-07-20 16:19:23,996 - WARNING - No stats available, using fallback
2025-07-20 16:20:23,998 - WARNING - No stats available, using fallback
2025-07-20 16:21:23,999 - WARNING - No stats available, using fallback
2025-07-20 16:22:24,002 - WARNING - No stats available, using fallback
2025-07-20 16:23:24,002 - WARNING - No stats available, using fallback
2025-07-20 16:24:24,002 - WARNING - No stats available, using fallback
2025-07-20 16:25:24,002 - WARNING - No stats available, using fallback
2025-07-20 16:26:24,006 - WARNING - No stats available, using fallback
2025-07-20 16:27:23,999 - WARNING - No stats available, using fallback
2025-07-20 16:28:24,002 - WARNING - No stats available, using fallback
2025-07-20 16:29:24,006 - WARNING - No stats available, using fallback
2025-07-20 16:30:23,994 - WARNING - No stats available, using fallback
2025-07-20 16:31:23,992 - WARNING - No stats available, using fallback
2025-07-20 16:32:24,009 - WARNING - No stats available, using fallback
2025-07-20 16:33:23,998 - WARNING - No stats available, using fallback
2025-07-20 16:34:23,997 - WARNING - No stats available, using fallback
2025-07-20 16:35:23,994 - WARNING - No stats available, using fallback
2025-07-20 16:36:23,994 - WARNING - No stats available, using fallback
2025-07-20 16:37:23,995 - WARNING - No stats available, using fallback
2025-07-20 16:38:23,998 - WARNING - No stats available, using fallback
2025-07-20 16:39:23,998 - WARNING - No stats available, using fallback
2025-07-20 16:40:23,996 - WARNING - No stats available, using fallback
2025-07-20 16:41:23,997 - WARNING - No stats available, using fallback
2025-07-20 16:42:23,998 - WARNING - No stats available, using fallback
2025-07-20 16:43:23,999 - WARNING - No stats available, using fallback
2025-07-20 16:44:24,000 - WARNING - No stats available, using fallback
2025-07-20 16:45:23,999 - WARNING - No stats available, using fallback
2025-07-20 16:46:24,001 - WARNING - No stats available, using fallback
2025-07-20 16:46:31,763 - WARNING - No stats available, using fallback
2025-07-20 16:46:31,975 - WARNING - No stats available, using fallback
2025-07-20 16:46:32,793 - WARNING - No stats available, using fallback
2025-07-20 16:46:33,795 - WARNING - No stats available, using fallback
2025-07-20 16:46:34,796 - WARNING - No stats available, using fallback
2025-07-20 16:46:35,797 - WARNING - No stats available, using fallback
2025-07-20 16:46:36,796 - WARNING - No stats available, using fallback
2025-07-20 16:46:37,796 - WARNING - No stats available, using fallback
2025-07-20 16:46:38,799 - WARNING - No stats available, using fallback
2025-07-20 16:46:39,799 - WARNING - No stats available, using fallback
2025-07-20 16:46:40,801 - WARNING - No stats available, using fallback
2025-07-20 16:46:41,801 - WARNING - No stats available, using fallback
2025-07-20 16:46:42,799 - WARNING - No stats available, using fallback
2025-07-20 16:46:43,802 - WARNING - No stats available, using fallback
2025-07-20 16:46:44,800 - WARNING - No stats available, using fallback
2025-07-20 16:46:45,802 - WARNING - No stats available, using fallback
2025-07-20 16:46:46,801 - WARNING - No stats available, using fallback
2025-07-20 16:46:47,801 - WARNING - No stats available, using fallback
2025-07-20 16:46:48,802 - WARNING - No stats available, using fallback
2025-07-20 16:46:49,802 - WARNING - No stats available, using fallback
2025-07-20 16:46:50,805 - WARNING - No stats available, using fallback
2025-07-20 16:46:51,802 - WARNING - No stats available, using fallback
2025-07-20 16:46:52,802 - WARNING - No stats available, using fallback
2025-07-20 16:46:53,804 - WARNING - No stats available, using fallback
2025-07-20 16:46:54,812 - WARNING - No stats available, using fallback
2025-07-20 16:46:55,804 - WARNING - No stats available, using fallback
2025-07-20 16:46:56,804 - WARNING - No stats available, using fallback
2025-07-20 16:46:57,803 - WARNING - No stats available, using fallback
2025-07-20 16:46:58,805 - WARNING - No stats available, using fallback
2025-07-20 16:46:59,803 - WARNING - No stats available, using fallback
2025-07-20 16:47:00,805 - WARNING - No stats available, using fallback
2025-07-20 16:47:01,801 - WARNING - No stats available, using fallback
2025-07-20 16:47:02,803 - WARNING - No stats available, using fallback
2025-07-20 16:47:03,804 - WARNING - No stats available, using fallback
2025-07-20 16:47:04,804 - WARNING - No stats available, using fallback
2025-07-20 16:47:05,804 - WARNING - No stats available, using fallback
2025-07-20 16:47:06,804 - WARNING - No stats available, using fallback
2025-07-20 16:47:07,804 - WARNING - No stats available, using fallback
2025-07-20 16:47:08,806 - WARNING - No stats available, using fallback
2025-07-20 16:47:09,805 - WARNING - No stats available, using fallback
2025-07-20 16:47:10,969 - WARNING - No stats available, using fallback
2025-07-20 16:47:11,804 - WARNING - No stats available, using fallback
2025-07-20 16:47:12,803 - WARNING - No stats available, using fallback
2025-07-20 16:47:13,803 - WARNING - No stats available, using fallback
2025-07-20 16:47:14,802 - WARNING - No stats available, using fallback
2025-07-20 16:47:15,803 - WARNING - No stats available, using fallback
