2025-07-20 16:53:08,537 - INFO - 🚀 Starting unified server (attempt 1)
2025-07-20 16:53:08,538 - INFO - 🚀 Starting Unified Super Metroid Tracker Server...
2025-07-20 16:53:08,541 - INFO - ✅ Unified server started successfully:
2025-07-20 16:53:08,541 - INFO -    📱 Tracker UI: http://localhost:3000/
2025-07-20 16:53:08,541 - INFO -    📊 API Status: http://localhost:3000/api/status
2025-07-20 16:53:08,541 - INFO -    📈 API Stats:  http://localhost:3000/api/stats
2025-07-20 16:53:08,541 - INFO -    🎯 Single process - no complexity!
2025-07-20 16:53:08,541 - INFO -    ⏹️  Press Ctrl+C to stop
2025-07-20 16:55:40,194 - WARNING - RetroArch command timeout: READ_CORE_MEMORY 0x7E09C2 22
2025-07-20 17:02:00,959 - INFO - 🚀 Starting unified server (attempt 1)
2025-07-20 17:02:00,959 - INFO - 🚀 Starting Unified Super Metroid Tracker Server...
2025-07-20 17:02:00,963 - INFO - ✅ Unified server started successfully:
2025-07-20 17:02:00,963 - INFO -    📱 Tracker UI: http://localhost:3000/
2025-07-20 17:02:00,963 - INFO -    📊 API Status: http://localhost:3000/api/status
2025-07-20 17:02:00,963 - INFO -    📈 API Stats:  http://localhost:3000/api/stats
2025-07-20 17:02:00,963 - INFO -    🎯 Single process - no complexity!
2025-07-20 17:02:00,963 - INFO -    ⏹️  Press Ctrl+C to stop
2025-07-20 17:28:07,736 - WARNING - RetroArch command timeout: VERSION (attempt 1)
2025-07-20 17:28:56,534 - WARNING - RetroArch command timeout: READ_CORE_MEMORY 0x7ED829 2 (attempt 1)
2025-07-20 17:28:58,637 - WARNING - RetroArch command timeout: READ_CORE_MEMORY 0x7ED829 2 (attempt 2)
2025-07-20 17:29:00,739 - WARNING - RetroArch command timeout: READ_CORE_MEMORY 0x7ED829 2 (attempt 1)
2025-07-20 17:29:02,841 - WARNING - RetroArch command timeout: READ_CORE_MEMORY 0x7ED829 2 (attempt 2)
2025-07-20 17:32:18,131 - INFO - 🚀 Starting unified server (attempt 1)
2025-07-20 17:32:18,131 - INFO - 🚀 Starting Unified Super Metroid Tracker Server...
2025-07-20 17:32:18,134 - INFO - ✅ Unified server started successfully:
2025-07-20 17:32:18,134 - INFO -    📱 Tracker UI: http://localhost:3000/
2025-07-20 17:32:18,134 - INFO -    📊 API Status: http://localhost:3000/api/status
2025-07-20 17:32:18,134 - INFO -    📈 API Stats:  http://localhost:3000/api/stats
2025-07-20 17:32:18,134 - INFO -    🎯 Single process - no complexity!
2025-07-20 17:32:18,134 - INFO -    ⏹️  Press Ctrl+C to stop
2025-07-20 17:35:46,750 - WARNING - RetroArch command timeout: READ_CORE_MEMORY 0x7E09A8 2 (attempt 1)
2025-07-20 17:36:00,918 - ERROR - File serve error: [Errno 32] Broken pipe
2025-07-20 17:36:00,919 - ERROR - Request error: [Errno 32] Broken pipe
2025-07-20 17:36:07,477 - ERROR - JSON response error: [Errno 32] Broken pipe
2025-07-20 17:42:05,045 - WARNING - RetroArch command timeout: READ_CORE_MEMORY 0x7E0AF6 2 (attempt 1)
2025-07-20 17:42:11,838 - WARNING - RetroArch command timeout: READ_CORE_MEMORY 0x7ED82D 2 (attempt 1)
2025-07-20 17:42:18,839 - WARNING - RetroArch command timeout: GET_STATUS (attempt 1)
2025-07-20 17:42:20,941 - WARNING - RetroArch command timeout: GET_STATUS (attempt 2)
2025-07-20 17:42:23,045 - WARNING - RetroArch command timeout: VERSION (attempt 1)
2025-07-20 17:42:25,147 - WARNING - RetroArch command timeout: VERSION (attempt 2)
2025-07-20 17:42:27,249 - WARNING - RetroArch command timeout: VERSION (attempt 1)
2025-07-20 17:42:29,352 - WARNING - RetroArch command timeout: VERSION (attempt 2)
2025-07-20 17:42:29,352 - WARNING - Unexpected VERSION response: None
2025-07-20 17:42:31,455 - WARNING - RetroArch command timeout: VERSION (attempt 1)
2025-07-20 17:42:35,714 - WARNING - RetroArch command timeout: VERSION (attempt 1)
2025-07-20 17:43:06,265 - ERROR - JSON response error: [Errno 54] Connection reset by peer
2025-07-20 17:44:18,634 - INFO - 🚀 Starting unified server (attempt 1)
2025-07-20 17:44:18,634 - INFO - 🚀 Starting Unified Super Metroid Tracker Server...
2025-07-20 17:44:18,637 - INFO - ✅ Unified server started successfully:
2025-07-20 17:44:18,637 - INFO -    📱 Tracker UI: http://localhost:3000/
2025-07-20 17:44:18,637 - INFO -    📊 API Status: http://localhost:3000/api/status
2025-07-20 17:44:18,637 - INFO -    📈 API Stats:  http://localhost:3000/api/stats
2025-07-20 17:44:18,637 - INFO -    🎯 Single process - no complexity!
2025-07-20 17:44:18,637 - INFO -    ⏹️  Press Ctrl+C to stop
2025-07-20 17:45:15,751 - ERROR - File serve error: [Errno 32] Broken pipe
2025-07-20 17:45:15,752 - ERROR - Request error: [Errno 32] Broken pipe
2025-07-20 17:45:44,287 - WARNING - RetroArch command timeout: READ_CORE_MEMORY 0x7ED82C 2 (attempt 1)
2025-07-20 17:45:48,130 - WARNING - RetroArch command timeout: READ_CORE_MEMORY 0x7E079B 2 (attempt 1)
2025-07-20 17:45:52,854 - WARNING - RetroArch command timeout: READ_CORE_MEMORY 0x7ED82D 2 (attempt 1)
2025-07-20 17:49:29,349 - WARNING - RetroArch command timeout: READ_CORE_MEMORY 0x7E09A8 2 (attempt 1)
2025-07-20 17:49:31,451 - WARNING - RetroArch command timeout: READ_CORE_MEMORY 0x7E09A8 2 (attempt 2)
2025-07-20 17:49:33,553 - WARNING - RetroArch command timeout: READ_CORE_MEMORY 0x7ED828 2 (attempt 1)
2025-07-20 17:49:35,655 - WARNING - RetroArch command timeout: READ_CORE_MEMORY 0x7ED828 2 (attempt 2)
2025-07-20 17:49:37,759 - WARNING - RetroArch command timeout: VERSION (attempt 1)
2025-07-20 17:49:39,861 - WARNING - RetroArch command timeout: VERSION (attempt 2)
2025-07-20 17:49:41,963 - WARNING - RetroArch command timeout: VERSION (attempt 1)
2025-07-20 17:49:44,066 - WARNING - RetroArch command timeout: VERSION (attempt 2)
2025-07-20 17:49:44,066 - WARNING - Unexpected VERSION response: None
2025-07-20 17:49:46,169 - WARNING - RetroArch command timeout: VERSION (attempt 1)
2025-07-20 17:49:48,271 - WARNING - RetroArch command timeout: VERSION (attempt 2)
2025-07-20 17:49:50,373 - WARNING - RetroArch command timeout: VERSION (attempt 1)
2025-07-20 17:49:54,380 - WARNING - RetroArch command timeout: GET_STATUS (attempt 1)
2025-07-20 18:10:26,104 - WARNING - RetroArch command timeout: READ_CORE_MEMORY 0x7ED827 2 (attempt 1)
2025-07-20 18:23:40,630 - WARNING - RetroArch command timeout: READ_CORE_MEMORY 0x7ED82D 2 (attempt 1)
2025-07-20 18:23:44,263 - WARNING - RetroArch command timeout: READ_CORE_MEMORY 0x7E09A8 2 (attempt 1)
2025-07-20 18:29:24,220 - WARNING - RetroArch command timeout: READ_CORE_MEMORY 0x7ED82D 2 (attempt 1)
2025-07-20 18:31:37,060 - WARNING - RetroArch command timeout: READ_CORE_MEMORY 0x7E09A8 2 (attempt 1)
2025-07-20 18:35:55,714 - INFO - 🚀 Starting unified server (attempt 1)
2025-07-20 18:35:55,715 - INFO - 🚀 Starting Unified Super Metroid Tracker Server...
2025-07-20 18:35:55,718 - INFO - ✅ Unified server started successfully:
2025-07-20 18:35:55,718 - INFO -    📱 Tracker UI: http://localhost:3000/
2025-07-20 18:35:55,718 - INFO -    📊 API Status: http://localhost:3000/api/status
2025-07-20 18:35:55,718 - INFO -    📈 API Stats:  http://localhost:3000/api/stats
2025-07-20 18:35:55,718 - INFO -    🎯 Single process - no complexity!
2025-07-20 18:35:55,718 - INFO -    ⏹️  Press Ctrl+C to stop
2025-07-20 18:37:57,100 - WARNING - RetroArch command timeout: GET_STATUS (attempt 1)
2025-07-20 19:07:35,025 - WARNING - RetroArch command timeout: READ_CORE_MEMORY 0x7ED829 2 (attempt 1)
2025-07-20 19:09:32,355 - WARNING - RetroArch command timeout: READ_CORE_MEMORY 0x7E079B 2 (attempt 1)
2025-07-20 19:13:34,275 - WARNING - RetroArch command timeout: READ_CORE_MEMORY 0x7E0AF6 2 (attempt 1)
2025-07-20 19:13:36,378 - WARNING - RetroArch command timeout: READ_CORE_MEMORY 0x7E0AF6 2 (attempt 2)
2025-07-20 19:15:33,173 - WARNING - RetroArch command timeout: READ_CORE_MEMORY 0x7ED829 2 (attempt 1)
2025-07-20 19:15:35,276 - WARNING - RetroArch command timeout: READ_CORE_MEMORY 0x7ED829 2 (attempt 2)
2025-07-20 19:15:37,378 - WARNING - RetroArch command timeout: READ_CORE_MEMORY 0x7ED82A 2 (attempt 1)
2025-07-20 19:18:31,504 - WARNING - RetroArch command timeout: GET_STATUS (attempt 1)
2025-07-20 19:19:32,502 - WARNING - RetroArch command timeout: READ_CORE_MEMORY 0x7ED829 2 (attempt 1)
2025-07-20 19:23:31,834 - WARNING - RetroArch command timeout: GET_STATUS (attempt 1)
2025-07-20 19:26:24,706 - WARNING - RetroArch command timeout: GET_STATUS (attempt 1)
2025-07-20 19:29:54,876 - INFO - 🚀 Starting unified server (attempt 1)
2025-07-20 19:29:54,876 - INFO - 🚀 Starting Unified Super Metroid Tracker Server...
2025-07-20 19:29:54,880 - INFO - ✅ Unified server started successfully:
2025-07-20 19:29:54,880 - INFO -    📱 Tracker UI: http://localhost:3000/
2025-07-20 19:29:54,880 - INFO -    📊 API Status: http://localhost:3000/api/status
2025-07-20 19:29:54,880 - INFO -    📈 API Stats:  http://localhost:3000/api/stats
2025-07-20 19:29:54,880 - INFO -    🎯 Single process - no complexity!
2025-07-20 19:29:54,880 - INFO -    ⏹️  Press Ctrl+C to stop
2025-07-20 19:30:40,864 - INFO - 🚀 Starting unified server (attempt 1)
2025-07-20 19:30:40,864 - INFO - 🚀 Starting Unified Super Metroid Tracker Server...
2025-07-20 19:30:40,868 - INFO - ✅ Unified server started successfully:
2025-07-20 19:30:40,868 - INFO -    📱 Tracker UI: http://localhost:3000/
2025-07-20 19:30:40,868 - INFO -    📊 API Status: http://localhost:3000/api/status
2025-07-20 19:30:40,868 - INFO -    📈 API Stats:  http://localhost:3000/api/stats
2025-07-20 19:30:40,868 - INFO -    🎯 Single process - no complexity!
2025-07-20 19:30:40,868 - INFO -    ⏹️  Press Ctrl+C to stop
2025-07-20 19:53:27,535 - INFO - 🚀 Starting unified server (attempt 1)
2025-07-20 19:53:27,535 - INFO - 🚀 Starting Unified Super Metroid Tracker Server...
2025-07-20 19:53:27,539 - INFO - ✅ Unified server started successfully:
2025-07-20 19:53:27,539 - INFO -    📱 Tracker UI: http://localhost:3000/
2025-07-20 19:53:27,539 - INFO -    📊 API Status: http://localhost:3000/api/status
2025-07-20 19:53:27,539 - INFO -    📈 API Stats:  http://localhost:3000/api/stats
2025-07-20 19:53:27,539 - INFO -    🎯 Single process - no complexity!
2025-07-20 19:53:27,539 - INFO -    ⏹️  Press Ctrl+C to stop
2025-07-20 19:57:38,499 - INFO - 🚀 Starting unified server (attempt 1)
2025-07-20 19:57:38,499 - INFO - 🚀 Starting Unified Super Metroid Tracker Server...
2025-07-20 19:57:38,503 - INFO - ✅ Unified server started successfully:
2025-07-20 19:57:38,503 - INFO -    📱 Tracker UI: http://localhost:3000/
2025-07-20 19:57:38,503 - INFO -    📊 API Status: http://localhost:3000/api/status
2025-07-20 19:57:38,503 - INFO -    📈 API Stats:  http://localhost:3000/api/stats
2025-07-20 19:57:38,503 - INFO -    🎯 Single process - no complexity!
2025-07-20 19:57:38,503 - INFO -    ⏹️  Press Ctrl+C to stop
2025-07-20 20:00:38,341 - WARNING - RetroArch command timeout: VERSION (attempt 1)
2025-07-20 20:07:00,941 - WARNING - RetroArch command timeout: READ_CORE_MEMORY 0x7E079F 1 (attempt 1)
2025-07-20 20:36:28,918 - WARNING - RetroArch command timeout: VERSION (attempt 1)
2025-07-20 20:45:28,471 - INFO - 🚀 Starting unified server (attempt 1)
2025-07-20 20:45:28,471 - INFO - 🚀 Starting Unified Super Metroid Tracker Server...
2025-07-20 20:45:28,474 - INFO - ✅ Unified server started successfully:
2025-07-20 20:45:28,474 - INFO -    📱 Tracker UI: http://localhost:3000/
2025-07-20 20:45:28,474 - INFO -    📊 API Status: http://localhost:3000/api/status
2025-07-20 20:45:28,474 - INFO -    📈 API Stats:  http://localhost:3000/api/stats
2025-07-20 20:45:28,474 - INFO -    🎯 Single process - no complexity!
2025-07-20 20:45:28,474 - INFO -    ⏹️  Press Ctrl+C to stop
